TN:
SF:src\index.ts
FN:43,(anonymous_0)
FN:47,(anonymous_1)
FN:51,(anonymous_2)
FN:91,(anonymous_3)
FNF:4
FNH:0
FNDA:0,(anonymous_0)
FNDA:0,(anonymous_1)
FNDA:0,(anonymous_2)
FNDA:0,(anonymous_3)
DA:24,0
DA:26,0
DA:28,0
DA:36,0
DA:37,0
DA:43,0
DA:45,0
DA:47,0
DA:48,0
DA:51,0
DA:52,0
DA:56,0
DA:58,0
DA:59,0
DA:60,0
DA:61,0
DA:80,0
DA:81,0
DA:83,0
DA:89,0
DA:91,0
DA:92,0
LF:22
LH:0
BRDA:74,0,0,0
BRDA:74,0,1,0
BRF:2
BRH:0
end_of_record
TN:
SF:src\config\passport.config.ts
FN:17,(anonymous_7)
FN:47,(anonymous_9)
FN:47,(anonymous_10)
FN:86,(anonymous_11)
FN:86,(anonymous_12)
FN:119,(anonymous_13)
FN:123,(anonymous_14)
FN:123,(anonymous_15)
FNF:8
FNH:0
FNDA:0,(anonymous_7)
FNDA:0,(anonymous_9)
FNDA:0,(anonymous_10)
FNDA:0,(anonymous_11)
FNDA:0,(anonymous_12)
FNDA:0,(anonymous_13)
FNDA:0,(anonymous_14)
FNDA:0,(anonymous_15)
DA:12,0
DA:18,0
DA:19,0
DA:20,0
DA:21,0
DA:23,0
DA:24,0
DA:26,0
DA:27,0
DA:28,0
DA:30,0
DA:34,0
DA:40,0
DA:47,0
DA:48,0
DA:49,0
DA:51,0
DA:52,0
DA:53,0
DA:54,0
DA:56,0
DA:57,0
DA:58,0
DA:59,0
DA:61,0
DA:65,0
DA:66,0
DA:68,0
DA:69,0
DA:70,0
DA:72,0
DA:78,0
DA:86,0
DA:87,0
DA:88,0
DA:90,0
DA:91,0
DA:92,0
DA:93,0
DA:95,0
DA:96,0
DA:97,0
DA:98,0
DA:100,0
DA:105,0
DA:106,0
DA:108,0
DA:109,0
DA:110,0
DA:112,0
DA:119,0
DA:120,0
DA:123,0
DA:124,0
DA:125,0
DA:126,0
DA:127,0
DA:128,0
DA:129,0
DA:131,0
DA:132,0
DA:135,0
LF:62
LH:0
BRDA:23,0,0,0
BRDA:23,0,1,0
BRDA:27,1,0,0
BRDA:27,1,1,0
BRDA:56,2,0,0
BRDA:95,3,0,0
BRDA:128,4,0,0
BRDA:128,4,1,0
BRF:8
BRH:0
end_of_record
TN:
SF:src\controllers\activity.controller.ts
FN:11,(anonymous_7)
FN:11,(anonymous_8)
FN:52,(anonymous_9)
FN:52,(anonymous_10)
FN:136,(anonymous_11)
FN:136,(anonymous_12)
FN:154,(anonymous_13)
FN:154,(anonymous_14)
FN:173,(anonymous_15)
FN:173,(anonymous_16)
FN:190,(anonymous_17)
FN:190,(anonymous_18)
FN:207,(anonymous_19)
FN:207,(anonymous_20)
FN:225,(anonymous_21)
FN:225,(anonymous_22)
FN:262,(anonymous_23)
FN:262,(anonymous_24)
FN:283,(anonymous_25)
FN:283,(anonymous_26)
FN:301,(anonymous_27)
FN:301,(anonymous_28)
FN:320,(anonymous_29)
FN:320,(anonymous_30)
FN:338,(anonymous_31)
FN:338,(anonymous_32)
FN:354,(anonymous_33)
FN:354,(anonymous_34)
FN:369,(anonymous_35)
FN:369,(anonymous_36)
FN:384,(anonymous_37)
FN:384,(anonymous_38)
FN:399,(anonymous_39)
FN:399,(anonymous_40)
FN:415,(anonymous_41)
FN:415,(anonymous_42)
FN:432,(anonymous_43)
FN:432,(anonymous_44)
FN:453,(anonymous_45)
FN:453,(anonymous_46)
FN:466,(anonymous_47)
FN:466,(anonymous_48)
FN:481,(anonymous_49)
FN:481,(anonymous_50)
FNF:44
FNH:24
FNDA:3,(anonymous_7)
FNDA:3,(anonymous_8)
FNDA:0,(anonymous_9)
FNDA:0,(anonymous_10)
FNDA:2,(anonymous_11)
FNDA:2,(anonymous_12)
FNDA:2,(anonymous_13)
FNDA:2,(anonymous_14)
FNDA:3,(anonymous_15)
FNDA:3,(anonymous_16)
FNDA:0,(anonymous_17)
FNDA:0,(anonymous_18)
FNDA:0,(anonymous_19)
FNDA:0,(anonymous_20)
FNDA:3,(anonymous_21)
FNDA:3,(anonymous_22)
FNDA:3,(anonymous_23)
FNDA:3,(anonymous_24)
FNDA:2,(anonymous_25)
FNDA:2,(anonymous_26)
FNDA:2,(anonymous_27)
FNDA:2,(anonymous_28)
FNDA:2,(anonymous_29)
FNDA:2,(anonymous_30)
FNDA:0,(anonymous_31)
FNDA:0,(anonymous_32)
FNDA:0,(anonymous_33)
FNDA:0,(anonymous_34)
FNDA:0,(anonymous_35)
FNDA:0,(anonymous_36)
FNDA:0,(anonymous_37)
FNDA:0,(anonymous_38)
FNDA:0,(anonymous_39)
FNDA:0,(anonymous_40)
FNDA:2,(anonymous_41)
FNDA:2,(anonymous_42)
FNDA:2,(anonymous_43)
FNDA:2,(anonymous_44)
FNDA:2,(anonymous_45)
FNDA:2,(anonymous_46)
FNDA:0,(anonymous_47)
FNDA:0,(anonymous_48)
FNDA:0,(anonymous_49)
FNDA:0,(anonymous_50)
DA:2,12
DA:4,12
DA:5,12
DA:6,12
DA:7,12
DA:8,12
DA:11,12
DA:12,3
DA:14,3
DA:16,3
DA:17,2
DA:25,2
DA:26,2
DA:27,2
DA:28,1
DA:30,1
DA:33,1
DA:42,1
DA:43,1
DA:44,1
DA:45,1
DA:47,0
DA:52,12
DA:53,0
DA:68,0
DA:70,0
DA:71,0
DA:74,0
DA:76,0
DA:77,0
DA:79,0
DA:80,0
DA:81,0
DA:82,0
DA:85,0
DA:86,0
DA:90,0
DA:106,0
DA:108,0
DA:112,0
DA:113,0
DA:115,0
DA:119,0
DA:120,0
DA:122,0
DA:126,0
DA:127,0
DA:129,0
DA:131,0
DA:132,0
DA:136,12
DA:137,2
DA:139,2
DA:145,2
DA:146,2
DA:147,2
DA:148,1
DA:150,1
DA:154,12
DA:155,2
DA:157,2
DA:164,2
DA:165,2
DA:166,2
DA:167,1
DA:169,1
DA:173,12
DA:174,3
DA:176,3
DA:181,3
DA:182,3
DA:183,3
DA:184,1
DA:186,2
DA:190,12
DA:191,0
DA:193,0
DA:198,0
DA:199,0
DA:200,0
DA:201,0
DA:203,0
DA:207,12
DA:208,0
DA:210,0
DA:216,0
DA:217,0
DA:218,0
DA:219,0
DA:221,0
DA:225,12
DA:226,3
DA:227,3
DA:230,3
DA:236,3
DA:237,3
DA:238,3
DA:239,2
DA:240,1
DA:245,1
DA:246,1
DA:247,1
DA:249,1
DA:253,1
DA:254,1
DA:255,1
DA:258,1
DA:262,12
DA:263,3
DA:264,3
DA:265,3
DA:269,3
DA:270,3
DA:271,3
DA:272,2
DA:276,2
DA:277,2
DA:278,1
DA:280,2
DA:283,12
DA:284,2
DA:285,2
DA:293,2
DA:294,2
DA:295,2
DA:296,1
DA:298,1
DA:301,12
DA:302,2
DA:304,2
DA:311,2
DA:312,2
DA:313,2
DA:314,1
DA:316,1
DA:320,12
DA:321,2
DA:322,2
DA:330,2
DA:331,2
DA:332,2
DA:333,1
DA:335,1
DA:338,12
DA:339,0
DA:341,0
DA:346,0
DA:347,0
DA:348,0
DA:349,0
DA:351,0
DA:354,12
DA:355,0
DA:356,0
DA:361,0
DA:362,0
DA:363,0
DA:364,0
DA:366,0
DA:369,12
DA:370,0
DA:371,0
DA:376,0
DA:377,0
DA:378,0
DA:379,0
DA:381,0
DA:384,12
DA:385,0
DA:386,0
DA:387,0
DA:391,0
DA:392,0
DA:393,0
DA:394,0
DA:396,0
DA:399,12
DA:400,0
DA:401,0
DA:403,0
DA:407,0
DA:408,0
DA:409,0
DA:410,0
DA:412,0
DA:415,12
DA:416,2
DA:418,2
DA:424,2
DA:425,2
DA:426,2
DA:427,1
DA:429,1
DA:432,12
DA:433,2
DA:434,2
DA:438,2
DA:439,2
DA:440,2
DA:441,1
DA:445,1
DA:446,1
DA:447,1
DA:449,1
DA:453,12
DA:454,2
DA:458,2
DA:459,2
DA:460,1
DA:462,1
DA:466,12
DA:467,0
DA:468,0
DA:470,0
DA:475,0
DA:476,0
DA:479,0
DA:481,0
DA:482,0
DA:484,0
DA:494,0
DA:498,0
DA:499,0
DA:500,0
DA:501,0
DA:503,0
DA:504,0
DA:507,0
DA:508,0
DA:512,0
DA:513,0
DA:515,0
DA:517,0
DA:518,0
DA:522,0
DA:523,0
DA:524,0
DA:525,0
DA:533,0
DA:535,0
DA:536,0
DA:537,0
DA:538,0
DA:539,0
DA:547,0
LF:245
LH:132
BRDA:16,0,0,2
BRDA:16,0,1,1
BRDA:16,1,0,3
BRDA:16,1,1,1
BRDA:70,2,0,0
BRDA:81,3,0,0
BRDA:81,4,0,0
BRDA:81,4,1,0
BRDA:81,5,0,0
BRDA:81,5,1,0
BRDA:104,6,0,0
BRDA:104,6,1,0
BRDA:104,7,0,0
BRDA:104,7,1,0
BRDA:239,8,0,1
BRDA:239,8,1,1
BRDA:479,9,0,0
BRDA:479,9,1,0
BRDA:503,10,0,0
BRDA:522,11,0,0
BRDA:522,11,1,0
BRDA:535,12,0,0
BRF:22
BRH:6
end_of_record
TN:
SF:src\controllers\linepay.controller.ts
FN:5,(anonymous_7)
FN:5,(anonymous_8)
FN:16,(anonymous_9)
FN:16,(anonymous_10)
FNF:4
FNH:4
FNDA:1,(anonymous_7)
FNDA:1,(anonymous_8)
FNDA:2,(anonymous_9)
FNDA:2,(anonymous_10)
DA:2,2
DA:3,2
DA:5,2
DA:6,1
DA:7,1
DA:16,2
DA:17,2
DA:18,2
DA:19,1
DA:21,1
LF:10
LH:10
BRDA:18,0,0,1
BRDA:18,0,1,1
BRF:2
BRH:2
end_of_record
TN:
SF:src\controllers\user.controller.ts
FN:8,(anonymous_7)
FN:8,(anonymous_8)
FN:55,(anonymous_9)
FN:55,(anonymous_10)
FN:112,(anonymous_11)
FN:112,(anonymous_12)
FN:137,(anonymous_13)
FN:137,(anonymous_14)
FN:153,(anonymous_15)
FN:155,(anonymous_16)
FN:159,(anonymous_17)
FN:168,(anonymous_18)
FN:169,(anonymous_19)
FN:177,(anonymous_20)
FNF:14
FNH:0
FNDA:0,(anonymous_7)
FNDA:0,(anonymous_8)
FNDA:0,(anonymous_9)
FNDA:0,(anonymous_10)
FNDA:0,(anonymous_11)
FNDA:0,(anonymous_12)
FNDA:0,(anonymous_13)
FNDA:0,(anonymous_14)
FNDA:0,(anonymous_15)
FNDA:0,(anonymous_16)
FNDA:0,(anonymous_17)
FNDA:0,(anonymous_18)
FNDA:0,(anonymous_19)
FNDA:0,(anonymous_20)
DA:8,0
DA:19,0
DA:20,0
DA:21,0
DA:22,0
DA:24,0
DA:25,0
DA:29,0
DA:38,0
DA:39,0
DA:40,0
DA:42,0
DA:46,0
DA:47,0
DA:49,0
DA:51,0
DA:55,0
DA:56,0
DA:57,0
DA:59,0
DA:60,0
DA:61,0
DA:66,0
DA:68,0
DA:70,0
DA:74,0
DA:75,0
DA:77,0
DA:78,0
DA:80,0
DA:81,0
DA:82,0
DA:83,0
DA:87,0
DA:88,0
DA:90,0
DA:95,0
DA:96,0
DA:97,0
DA:98,0
DA:102,0
DA:103,0
DA:105,0
DA:107,0
DA:108,0
DA:112,0
DA:113,0
DA:114,0
DA:115,0
DA:116,0
DA:117,0
DA:119,0
DA:120,0
DA:122,0
DA:123,0
DA:128,0
DA:129,0
DA:130,0
DA:132,0
DA:133,0
DA:137,0
DA:138,0
DA:139,0
DA:143,0
DA:145,0
DA:146,0
DA:147,0
DA:149,0
DA:153,0
DA:155,0
DA:156,0
DA:157,0
DA:159,0
DA:160,0
DA:161,0
DA:163,0
DA:168,0
DA:169,0
DA:170,0
DA:171,0
DA:173,0
DA:177,0
DA:178,0
LF:83
LH:0
BRDA:36,0,0,0
BRDA:36,0,1,0
BRDA:39,1,0,0
BRDA:77,2,0,0
BRDA:80,3,0,0
BRDA:80,3,1,0
BRDA:81,4,0,0
BRDA:97,5,0,0
BRDA:115,6,0,0
BRDA:156,7,0,0
BRDA:156,8,0,0
BRDA:156,8,1,0
BRDA:160,9,0,0
BRDA:170,10,0,0
BRF:14
BRH:0
end_of_record
TN:
SF:src\models\init.ts
FN:14,(anonymous_7)
FN:18,(anonymous_8)
FN:18,(anonymous_9)
FNF:3
FNH:0
FNDA:0,(anonymous_7)
FNDA:0,(anonymous_8)
FNDA:0,(anonymous_9)
DA:6,0
DA:14,0
DA:15,0
DA:18,0
DA:19,0
DA:20,0
DA:21,0
DA:22,0
DA:23,0
DA:25,0
LF:10
LH:0
BRF:0
BRH:0
end_of_record
TN:
SF:src\routes\activity.routes.ts
FNF:0
FNH:0
DA:27,0
DA:29,0
DA:30,0
DA:31,0
DA:33,0
DA:34,0
DA:36,0
DA:38,0
DA:40,0
DA:42,0
DA:44,0
DA:46,0
DA:48,0
DA:50,0
DA:52,0
DA:54,0
DA:56,0
DA:58,0
DA:60,0
DA:62,0
DA:64,0
DA:66,0
LF:22
LH:0
BRF:0
BRH:0
end_of_record
TN:
SF:src\routes\index.ts
FNF:0
FNH:0
DA:7,0
DA:9,0
DA:10,0
DA:11,0
LF:4
LH:0
BRF:0
BRH:0
end_of_record
TN:
SF:src\routes\linepay.routes.ts
FNF:0
FNH:0
DA:5,0
DA:7,0
DA:9,0
LF:3
LH:0
BRF:0
BRH:0
end_of_record
TN:
SF:src\routes\user.routes.ts
FNF:0
FNH:0
DA:16,0
DA:18,0
DA:25,0
DA:32,0
DA:33,0
DA:40,0
DA:42,0
DA:44,0
DA:46,0
DA:48,0
DA:50,0
DA:52,0
LF:12
LH:0
BRF:0
BRH:0
end_of_record
TN:
SF:src\service\cloudinary.service.ts
FN:3,upload
FN:9,(anonymous_2)
FN:18,(anonymous_3)
FNF:3
FNH:0
FNDA:0,upload
FNDA:0,(anonymous_2)
FNDA:0,(anonymous_3)
DA:1,11
DA:3,11
DA:9,0
DA:10,0
DA:19,0
DA:20,0
LF:6
LH:2
BRDA:19,0,0,0
BRF:1
BRH:0
end_of_record
TN:
SF:src\service\linepay.service.ts
FN:9,(anonymous_8)
FN:24,(anonymous_9)
FN:24,(anonymous_10)
FN:81,(anonymous_11)
FN:81,(anonymous_12)
FNF:5
FNH:0
FNDA:0,(anonymous_8)
FNDA:0,(anonymous_9)
FNDA:0,(anonymous_10)
FNDA:0,(anonymous_11)
FNDA:0,(anonymous_12)
DA:2,12
DA:3,12
DA:4,12
DA:5,12
DA:6,12
DA:7,12
DA:9,12
DA:10,0
DA:11,0
DA:14,0
DA:15,0
DA:21,0
DA:24,12
DA:25,0
DA:26,0
DA:28,0
DA:33,0
DA:34,0
DA:37,0
DA:39,0
DA:40,0
DA:44,0
DA:45,0
DA:47,0
DA:71,0
DA:72,0
DA:74,0
DA:75,0
DA:76,0
DA:78,0
DA:81,12
DA:82,0
DA:83,0
DA:88,0
DA:89,0
DA:91,0
DA:93,0
DA:97,0
DA:99,0
DA:100,0
DA:102,0
DA:103,0
DA:105,0
DA:115,0
DA:119,0
DA:120,0
DA:121,0
DA:122,0
DA:124,0
DA:125,0
DA:128,0
DA:129,0
DA:133,0
DA:134,0
DA:136,0
DA:146,0
DA:147,0
DA:149,0
DA:151,0
DA:152,0
DA:156,0
LF:61
LH:9
BRDA:37,0,0,0
BRDA:37,0,1,0
BRDA:75,1,0,0
BRDA:75,2,0,0
BRDA:75,2,1,0
BRDA:75,3,0,0
BRDA:75,3,1,0
BRDA:76,4,0,0
BRDA:76,4,1,0
BRDA:76,5,0,0
BRDA:76,5,1,0
BRDA:102,6,0,0
BRDA:102,7,0,0
BRDA:102,7,1,0
BRDA:102,8,0,0
BRDA:102,8,1,0
BRDA:124,9,0,0
BRF:17
BRH:0
end_of_record
TN:
SF:src\utils\env.ts
FNF:0
FNH:0
DA:1,14
DA:3,14
LF:2
LH:2
BRDA:4,0,0,14
BRDA:4,0,1,0
BRDA:5,1,0,14
BRDA:5,1,1,0
BRDA:6,2,0,14
BRDA:6,2,1,0
BRDA:7,3,0,14
BRDA:7,3,1,0
BRDA:8,4,0,14
BRDA:8,4,1,0
BRDA:9,5,0,14
BRDA:9,5,1,0
BRDA:10,6,0,14
BRDA:10,6,1,0
BRDA:11,7,0,14
BRDA:11,7,1,0
BRDA:12,8,0,14
BRDA:12,8,1,0
BRDA:13,9,0,14
BRDA:13,9,1,0
BRDA:14,10,0,14
BRDA:14,10,1,0
BRDA:15,11,0,14
BRDA:15,11,1,0
BRDA:16,12,0,14
BRDA:16,12,1,0
BRDA:17,13,0,14
BRDA:17,13,1,0
BRDA:18,14,0,14
BRDA:18,14,1,0
BRDA:19,15,0,14
BRDA:19,15,1,0
BRDA:20,16,0,14
BRDA:20,16,1,0
BRDA:21,17,0,14
BRDA:21,17,1,0
BRDA:22,18,0,14
BRDA:22,18,1,0
BRF:38
BRH:19
end_of_record
TN:
SF:src\utils\isAuth.ts
FN:3,(anonymous_0)
FNF:1
FNH:0
FNDA:0,(anonymous_0)
DA:3,0
DA:4,0
DA:5,0
DA:7,0
LF:4
LH:0
BRDA:4,0,0,0
BRDA:4,0,1,0
BRF:2
BRH:0
end_of_record
TN:
SF:src\utils\nowDate.ts
FN:1,(anonymous_0)
FNF:1
FNH:1
FNDA:5,(anonymous_0)
DA:1,12
DA:2,5
DA:4,5
DA:5,5
DA:6,5
DA:7,5
DA:8,5
DA:9,5
DA:11,5
DA:13,5
LF:10
LH:10
BRF:0
BRH:0
end_of_record
